Voice-O-Rama/build/outputs/logs/manifest-merger-debug-report.txt
-- Merging decision tree log ---
manifest
ADDED from XUL5\Voice-O-Rama\AndroidManifest.xml:2:1-19:12
	package
		ADDED from XUL5\Voice-O-Rama\AndroidManifest.xml:3:5-34
	android:versionName
		INJECTED from XUL5\Voice-O-Rama\AndroidManifest.xml
		INJECTED from XUL5\Voice-O-Rama\AndroidManifest.xml
	xmlns:android
		ADDED from XUL5\Voice-O-Rama\AndroidManifest.xml:2:11-69
	android:versionCode
		INJECTED from XUL5\Voice-O-Rama\AndroidManifest.xml
		INJECTED from XUL5\Voice-O-Rama\AndroidManifest.xml
uses-permission#android.permission.RECORD_AUDIO
ADDED from XUL5\Voice-O-Rama\AndroidManifest.xml:4:2-68
	android:name
		ADDED from XUL5\Voice-O-Rama\AndroidManifest.xml:4:19-65
application
ADDED from XUL5\Voice-O-Rama\AndroidManifest.xml:5:2-18:16
MERGED from [org.puredata.android:PdCore:1.0.1] AndroidManifest.xml:11:5-13:19
MERGED from [com.android.support:support-v4:23.3.0] AndroidManifest.xml:22:5-20
MERGED from [com.android.support:appcompat-v7:23.3.0] AndroidManifest.xml:25:5-20
MERGED from [com.android.support:support-vector-drawable:23.3.0] AndroidManifest.xml:7:5-20
MERGED from [com.android.support:support-v4:23.3.0] AndroidManifest.xml:22:5-20
MERGED from [com.android.support:animated-vector-drawable:23.3.0] AndroidManifest.xml:7:5-20
MERGED from [com.android.support:support-vector-drawable:23.3.0] AndroidManifest.xml:7:5-20
MERGED from [com.android.support:support-v4:23.3.0] AndroidManifest.xml:22:5-20
MERGED from [com.android.support:support-v4:23.3.0] AndroidManifest.xml:22:5-20
	android:label
		ADDED from XUL5\Voice-O-Rama\AndroidManifest.xml:5:45-77
	android:allowBackup
		ADDED from XUL5\Voice-O-Rama\AndroidManifest.xml:5:78-104
	android:icon
		ADDED from XUL5\Voice-O-Rama\AndroidManifest.xml:5:15-44
activity#at.or.at.voiceorama.VoiceORama
ADDED from XUL5\Voice-O-Rama\AndroidManifest.xml:6:3-12:14
	android:label
		ADDED from XUL5\Voice-O-Rama\AndroidManifest.xml:6:13-45
	android:launchMode
		ADDED from XUL5\Voice-O-Rama\AndroidManifest.xml:7:40-71
	android:configChanges
		ADDED from XUL5\Voice-O-Rama\AndroidManifest.xml:7:4-39
	android:name
		ADDED from XUL5\Voice-O-Rama\AndroidManifest.xml:6:46-72
intent-filter#android.intent.action.MAIN+android.intent.category.LAUNCHER
ADDED from XUL5\Voice-O-Rama\AndroidManifest.xml:8:4-11:20
action#android.intent.action.MAIN
ADDED from XUL5\Voice-O-Rama\AndroidManifest.xml:9:5-57
	android:name
		ADDED from XUL5\Voice-O-Rama\AndroidManifest.xml:9:13-54
category#android.intent.category.LAUNCHER
ADDED from XUL5\Voice-O-Rama\AndroidManifest.xml:10:5-65
	android:name
		ADDED from XUL5\Voice-O-Rama\AndroidManifest.xml:10:15-62
service#org.puredata.android.service.PdService
ADDED from XUL5\Voice-O-Rama\AndroidManifest.xml:13:3-68
	android:name
		ADDED from XUL5\Voice-O-Rama\AndroidManifest.xml:13:12-65
activity#org.puredata.android.service.PdPreferences
ADDED from XUL5\Voice-O-Rama\AndroidManifest.xml:14:3-17:14
	android:label
		ADDED from XUL5\Voice-O-Rama\AndroidManifest.xml:14:13-50
	android:configChanges
		ADDED from XUL5\Voice-O-Rama\AndroidManifest.xml:16:4-39
	android:name
		ADDED from XUL5\Voice-O-Rama\AndroidManifest.xml:15:4-61
uses-sdk
INJECTED from XUL5\Voice-O-Rama\AndroidManifest.xml reason: use-sdk injection requested
MERGED from [org.puredata.android:PdCore:1.0.1] AndroidManifest.xml:7:5-9:41
MERGED from [com.noisepages.nettoyeur:midi:1.0.0-rc1] AndroidManifest.xml:7:5-9:40
MERGED from [com.android.support:support-v4:23.3.0] AndroidManifest.xml:20:5-43
MERGED from [com.android.support:appcompat-v7:23.3.0] AndroidManifest.xml:21:5-23:78
MERGED from [com.android.support:support-vector-drawable:23.3.0] AndroidManifest.xml:5:5-43
MERGED from [com.android.support:support-v4:23.3.0] AndroidManifest.xml:20:5-43
MERGED from [com.android.support:animated-vector-drawable:23.3.0] AndroidManifest.xml:5:5-44
MERGED from [com.android.support:support-vector-drawable:23.3.0] AndroidManifest.xml:5:5-43
MERGED from [com.android.support:support-v4:23.3.0] AndroidManifest.xml:20:5-43
MERGED from [com.android.support:support-v4:23.3.0] AndroidManifest.xml:20:5-43
	tools:overrideLibrary
		ADDED from [com.android.support:appcompat-v7:23.3.0] AndroidManifest.xml:23:9-75
	android:targetSdkVersion
		INJECTED from XUL5\Voice-O-Rama\AndroidManifest.xml
		INJECTED from XUL5\Voice-O-Rama\AndroidManifest.xml
	android:minSdkVersion
		INJECTED from XUL5\Voice-O-Rama\AndroidManifest.xml
		INJECTED from XUL5\Voice-O-Rama\AndroidManifest.xml
activity#org.puredata.android.service.MainActivity
ADDED from [org.puredata.android:PdCore:1.0.1] AndroidManifest.xml:12:9-78
	android:name
		ADDED from [org.puredata.android:PdCore:1.0.1] AndroidManifest.xml:12:19-75